<?xml version="1.0" encoding="UTF-8"?>
<!-- Generated by org.testng.reporters.JUnitXMLReporter -->
<testsuite ignored="0" hostname="LAPTOP-VU4Q2S43" failures="0" tests="3" name="End to End Tests" time="173.828" errors="0" timestamp="2026-05-24T19:09:50 IST">
  <testcase classname="tests.E2E.EndToEndTest" name="TC_E2E_01_UICreatedNoteVisibleInAPI" time="60.158"/>
  <testcase classname="tests.E2E.EndToEndTest" name="TC_E2E_02_APIDeletedNoteGoneFromUI" time="51.126"/>
  <testcase classname="tests.E2E.EndToEndTest" name="TC_E2E_03_UIAPIDataConsistency" time="22.032"/>
</testsuite> <!-- End to End Tests -->
