<?xml version="1.0" encoding="UTF-8"?>
<!-- Generated by org.testng.reporters.JUnitXMLReporter -->
<testsuite ignored="0" hostname="LAPTOP-VU4Q2S43" failures="0" tests="3" name="End to End Tests" time="71.979" errors="0" timestamp="2026-05-25T22:18:48 IST">
  <testcase classname="tests.E2E.EndToEndTest" name="TC_E2E_01_UICreatedNoteVisibleInAPI" time="17.184"/>
  <testcase classname="tests.E2E.EndToEndTest" name="TC_E2E_02_APIDeletedNoteGoneFromUI" time="14.053"/>
  <testcase classname="tests.E2E.EndToEndTest" name="TC_E2E_03_UIAPIDataConsistency" time="14.572"/>
</testsuite> <!-- End to End Tests -->
