<?xml version="1.0" encoding="UTF-8"?>
<!-- Generated by org.testng.reporters.JUnitXMLReporter -->
<testsuite ignored="0" hostname="LAPTOP-VU4Q2S43" failures="0" tests="2" name="Negative UI Tests" time="69.865" errors="0" timestamp="2026-06-01T23:32:20 IST">
  <testcase classname="tests.UI.NegativeUITest" name="TC_NEG_01_CreateNoteEmptyTitle" time="26.177"/>
  <testcase classname="tests.UI.NegativeUITest" name="TC_NEG_02_CreateNoteEmptyDescription" time="9.988"/>
</testsuite> <!-- Negative UI Tests -->
