<?xml version="1.0" encoding="UTF-8"?>
<!-- Generated by org.testng.reporters.JUnitXMLReporter -->
<testsuite ignored="0" hostname="LAPTOP-VU4Q2S43" failures="0" tests="3" name="Negative API Tests" time="3.314" errors="0" timestamp="2026-06-02T09:41:28 IST">
  <testcase classname="tests.API.NegativeAPITest" name="TC_NEG_03_CreateNoteWithoutToken" time="0.79"/>
  <testcase classname="tests.API.NegativeAPITest" name="TC_NEG_04_InvalidToken" time="0.717"/>
  <testcase classname="tests.API.NegativeAPITest" name="TC_NEG_05_DeleteWrongNoteId" time="0.699"/>
</testsuite> <!-- Negative API Tests -->
