<?xml version="1.0" encoding="UTF-8"?>
<!-- Generated by org.testng.reporters.JUnitXMLReporter -->
<testsuite ignored="0" hostname="LAPTOP-VU4Q2S43" failures="0" tests="2" name="Negative Login Tests" time="58.85" errors="0" timestamp="2026-05-25T22:17:32 IST">
  <testcase classname="tests.UI.NegativeLoginTest" name="TC_NEG_06_WrongPassword" time="21.823"/>
  <testcase classname="tests.UI.NegativeLoginTest" name="TC_NEG_07_BothFieldsEmpty" time="11.073"/>
</testsuite> <!-- Negative Login Tests -->
