<?xml version="1.0" encoding="UTF-8"?>
<!-- Generated by org.testng.reporters.JUnitXMLReporter -->
<testsuite ignored="0" hostname="LAPTOP-VU4Q2S43" failures="0" tests="2" name="Negative Login Tests" time="76.93" errors="0" timestamp="2026-05-24T19:07:10 IST">
  <testcase classname="tests.UI.NegativeLoginTest" name="TC_NEG_06_WrongPassword" time="12.968"/>
  <testcase classname="tests.UI.NegativeLoginTest" name="TC_NEG_07_BothFieldsEmpty" time="13.365"/>
</testsuite> <!-- Negative Login Tests -->
