<?xml version="1.0" encoding="UTF-8"?>
<!-- Generated by org.testng.reporters.JUnitXMLReporter -->
<testsuite ignored="0" hostname="LAPTOP-VU4Q2S43" failures="0" tests="2" name="Negative UI Tests" time="74.498" errors="0" timestamp="2026-06-02T09:41:15 IST">
  <testcase classname="tests.UI.NegativeUITest" name="TC_NEG_01_CreateNoteEmptyTitle" time="19.748"/>
  <testcase classname="tests.UI.NegativeUITest" name="TC_NEG_02_CreateNoteEmptyDescription" time="22.749"/>
</testsuite> <!-- Negative UI Tests -->
