<?xml version="1.0" encoding="UTF-8"?>
<!-- Generated by org.testng.reporters.JUnitXMLReporter -->
<testsuite ignored="0" hostname="LAPTOP-VU4Q2S43" failures="0" tests="3" name="Negative API Tests" time="4.469" errors="0" timestamp="2026-05-25T22:17:39 IST">
  <testcase classname="tests.API.NegativeAPITest" name="TC_NEG_03_CreateNoteWithoutToken" time="2.084"/>
  <testcase classname="tests.API.NegativeAPITest" name="TC_NEG_04_InvalidToken" time="0.676"/>
  <testcase classname="tests.API.NegativeAPITest" name="TC_NEG_05_DeleteWrongNoteId" time="0.707"/>
</testsuite> <!-- Negative API Tests -->
