<?xml version="1.0" encoding="UTF-8"?>
<!-- Generated by org.testng.reporters.JUnitXMLReporter -->
<testsuite ignored="0" hostname="LAPTOP-VU4Q2S43" failures="1" tests="1" name="Response Time API Tests" time="4.843" errors="0" timestamp="2026-05-26T11:52:20 IST">
  <testcase classname="tests.API.ResponseTimeAPITest" name="TC_API_03_ResponseTimeUnder2Seconds" time="2.676">
    <failure type="java.lang.AssertionError" message="expected [true] but found [false]">
      <![CDATA[java.lang.AssertionError: expected [true] but found [false]
at tests.API.ResponseTimeAPITest.TC_API_03_ResponseTimeUnder2Seconds(ResponseTimeAPITest.java:32)
at java.base/java.util.ArrayList.forEach(ArrayList.java:1511)
at java.base/java.util.concurrent.FutureTask.run(FutureTask.java:264)
at java.base/java.util.concurrent.ThreadPoolExecutor.runWorker(ThreadPoolExecutor.java:1136)
at java.base/java.util.concurrent.ThreadPoolExecutor$Worker.run(ThreadPoolExecutor.java:635)
at java.base/java.lang.Thread.run(Thread.java:842)
... Removed 21 stack frames]]>
    </failure>
  </testcase> <!-- TC_API_03_ResponseTimeUnder2Seconds -->
</testsuite> <!-- Response Time API Tests -->
