<?xml version="1.0" encoding="UTF-8"?>
<testsuite xmlns:xsi="http://www.w3.org/2001/XMLSchema-instance" xsi:noNamespaceSchemaLocation="https://maven.apache.org/surefire/maven-surefire-plugin/xsd/surefire-test-report-3.0.xsd" version="3.0" name="TestSuite" time="228.242" tests="16" errors="0" skipped="0" failures="0">
  <properties>
[...]
</properties>
  <testcase name="TC_UI_01_ValidLogin" classname="tests.UI.LoginTest" time="22.376">
    <system-out><![CDATA[===== TC-UI-02: Create a New Note via UI and Verify it appears in UI List =====
===== TC-UI-01: Login with Valid Credentials =====
Page Load Time: 14871ms
Page load time: 14871ms
===== TC-NEG-01: Create Note with Empty Title =====
[INFO] Ad iframes removed
[INFO] Vignette ad removed
[INFO] Ad iframes removed
[INFO] Ad iframes removed
[INFO] Vignette ad removed
[INFO] Ad iframes removed
[INFO] Vignette ad removed
[INFO] JS click performed on: By.xpath: //button[text()='Login']
[INFO] Vignette ad removed
[INFO] Ad iframes removed
[INFO] Vignette ad removed
[INFO] Ad iframes removed
Login successful
[INFO] Vignette ad removed
[INFO] JS click performed on: By.xpath: //button[text()='Login']
[INFO] JS click performed on: By.xpath: //button[text()='Login']
Login successful
Login successful
[INFO] Ad iframes removed
[INFO] Vignette ad removed
[INFO] Ad iframes removed
Screenshot attached to Allure: TC-UI-01 Login Success
[INFO] JS click performed on: By.xpath: //button[contains(text(),'Add Note')]
Screenshot saved to: target/screenshots/TC-UI-01_Login_Success_20260526_141107.png
TC-UI-01 PASSED
]]></system-out>
    <system-err><![CDATA[[TestNG-tests-2] INFO io.github.bonigarcia.wdm.WebDriverManager - Using chromedriver 148.0.7778.178 (resolved driver for Chrome 148)
[TestNG-tests-1] INFO io.github.bonigarcia.wdm.WebDriverManager - Using chromedriver 148.0.7778.178 (resolved driver for Chrome 148)
[TestNG-tests-3] INFO io.github.bonigarcia.wdm.WebDriverManager - Using chromedriver 148.0.7778.178 (resolved driver for Chrome 148)
[TestNG-tests-3] INFO io.github.bonigarcia.wdm.WebDriverManager - Exporting webdriver.chrome.driver as C:\Users\debi2\.cache\selenium\chromedriver\win64\148.0.7778.178\chromedriver.exe
[TestNG-tests-1] INFO io.github.bonigarcia.wdm.WebDriverManager - Exporting webdriver.chrome.driver as C:\Users\debi2\.cache\selenium\chromedriver\win64\148.0.7778.178\chromedriver.exe
[TestNG-tests-2] INFO io.github.bonigarcia.wdm.WebDriverManager - Exporting webdriver.chrome.driver as C:\Users\debi2\.cache\selenium\chromedriver\win64\148.0.7778.178\chromedriver.exe
May 26, 2026 2:10:24 PM org.openqa.selenium.devtools.CdpVersionFinder findNearestMatch
WARNING: Unable to find CDP implementation matching 148
May 26, 2026 2:10:24 PM org.openqa.selenium.devtools.CdpVersionFinder findNearestMatch
WARNING: Unable to find CDP implementation matching 148
May 26, 2026 2:10:24 PM org.openqa.selenium.chromium.ChromiumDriver lambda$new$5
WARNING: Unable to find version of CDP to use for 148.0.7778.179. You may need to include a dependency on a specific version of the CDP using something similar to `org.seleniumhq.selenium:selenium-devtools-v86:4.18.1` where the version ("v86") matches the version of the chromium-based browser you're using and the version number of the artifact is the same as Selenium's.
May 26, 2026 2:10:24 PM org.openqa.selenium.devtools.CdpVersionFinder findNearestMatch
WARNING: Unable to find CDP implementation matching 148
May 26, 2026 2:10:24 PM org.openqa.selenium.chromium.ChromiumDriver lambda$new$5
WARNING: Unable to find version of CDP to use for 148.0.7778.179. You may need to include a dependency on a specific version of the CDP using something similar to `org.seleniumhq.selenium:selenium-devtools-v86:4.18.1` where the version ("v86") matches the version of the chromium-based browser you're using and the version number of the artifact is the same as Selenium's.
May 26, 2026 2:10:24 PM org.openqa.selenium.chromium.ChromiumDriver lambda$new$5
WARNING: Unable to find version of CDP to use for 148.0.7778.179. You may need to include a dependency on a specific version of the CDP using something similar to `org.seleniumhq.selenium:selenium-devtools-v86:4.18.1` where the version ("v86") matches the version of the chromium-based browser you're using and the version number of the artifact is the same as Selenium's.
]]></system-err>
  </testcase>
  <testcase name="TC_NEG_01_CreateNoteEmptyTitle" classname="tests.UI.NegativeUITest" time="26.366">
    <system-out><![CDATA[[INFO] Vignette ad removed
[INFO] JS click performed on: By.xpath: //button[contains(text(),'Add Note')]
[INFO] Ad iframes removed
[INFO] Ad iframes removed
[INFO] Vignette ad removed
[INFO] Vignette ad removed
[INFO] JS click performed on: By.xpath: //button[@data-testid='note-submit']
Note created: Automation Note 1779784819758 [Home]
[INFO] JS click performed on: By.xpath: //button[@data-testid='note-submit']
Note created:  [Home]
Screenshot attached to Allure: TC-NEG-01 Empty Title Validation
Screenshot saved to: target/screenshots/TC-NEG-01_Empty_Title_Validation_20260526_141111.png
TC-NEG-01 PASSED
]]></system-out>
  </testcase>
  <testcase name="TC_NEG_02_CreateNoteEmptyDescription" classname="tests.UI.NegativeUITest" time="2.822">
    <system-out><![CDATA[[INFO] Ad iframes removed
[INFO] Vignette ad removed
[INFO] JS click performed on: By.xpath: //button[text()='Login']
Login successful
[INFO] Ad iframes removed
[INFO] Vignette ad removed
[INFO] JS click performed on: By.xpath: //button[contains(text(),'Add Note')]
===== TC-UI-03: Newly Created Note Appears in UI List =====
[INFO] Ad iframes removed
[INFO] Vignette ad removed
[INFO] JS click performed on: By.xpath: //button[@data-testid='note-submit']
Note created: Title Only 1779784889946 [Home]
[TEARDOWN] Browser closed for: NegativeLoginTest
Screenshot attached to Allure: TC-NEG-02 Empty Description Validation
Screenshot saved to: target/screenshots/TC-NEG-02_Empty_Description_Validation_20260526_141155.png
TC-NEG-02 PASSED
]]></system-out>
    <system-err><![CDATA[[TestNG-tests-1] INFO io.github.bonigarcia.wdm.WebDriverManager - Using chromedriver 148.0.7778.178 (resolved driver for Chrome 148)
]]></system-err>
  </testcase>
  <testcase name="TC_UI_02_CreateNote" classname="tests.UI.CreateNoteTest" time="31.013">
    <system-out><![CDATA[Screenshot attached to Allure: TC-UI-02 Note Created
Screenshot saved to: target/screenshots/TC-UI-02_Note_Created_20260526_141116.png
TC-UI-02 PASSED
]]></system-out>
  </testcase>
  <testcase name="TC_UI_03_NoteAppearsInList" classname="tests.UI.CreateNoteTest" time="4.765">
    <system-out><![CDATA[[TEARDOWN] API test - no browser to close for: JMeterTest
===== TC-PERF-02 : 50 USERS TEST =====
[JMETER] Running: src/test/resources/jmeter/testplan_50_users.jmx
WARN StatusConsoleListener The use of package scanning to locate plugins is deprecated and will be removed in a future release
WARN StatusConsoleListener The use of package scanning to locate plugins is deprecated and will be removed in a future release
WARN StatusConsoleListener The use of package scanning to locate plugins is deprecated and will be removed in a future release
WARN StatusConsoleListener The use of package scanning to locate plugins is deprecated and will be removed in a future release
Creating summariser <summary>
Created the tree successfully using src/test/resources/jmeter/testplan_50_users.jmx
Starting standalone test @ 2026 May 26 14:12:59 IST (1779784979076)
Waiting for possible Shutdown/StopTestNow/HeapDump/ThreadDump message on port 4445
Screenshot attached to Allure: TC-UI-03 Note in List
Screenshot saved to: target/screenshots/TC-UI-03_Note_in_List_20260526_141259.png
TC-UI-03 PASSED
]]></system-out>
  </testcase>
  <testcase name="TC_NEG_06_WrongPassword" classname="tests.UI.NegativeLoginTest" time="20.635">
    <system-out><![CDATA[[TEARDOWN] Browser closed for: LoginTest
[TEARDOWN] Browser closed for: NegativeUITest
===== TC-NEG-06: Login with Wrong Password =====
===== TC-NEG-02: Create Note with Empty Description =====
[TEARDOWN] Browser closed for: CreateNoteTest
[INFO] Ad iframes removed
[INFO] Vignette ad removed
[INFO] Ad iframes removed
[INFO] Vignette ad removed
[INFO] JS click performed on: By.xpath: //button[text()='Login']
Login attempt submitted
[INFO] Ad iframes removed
[INFO] Vignette ad removed
Screenshot attached to Allure: TC-NEG-06 Wrong Password Error
Screenshot saved to: target/screenshots/TC-NEG-06_Wrong_Password_Error_20260526_141150.png
TC-NEG-06 PASSED
]]></system-out>
    <system-err><![CDATA[[TestNG-tests-1] INFO io.github.bonigarcia.wdm.WebDriverManager - Using chromedriver 148.0.7778.178 (resolved driver for Chrome 148)
[TestNG-tests-1] INFO io.github.bonigarcia.wdm.WebDriverManager - Exporting webdriver.chrome.driver as C:\Users\debi2\.cache\selenium\chromedriver\win64\148.0.7778.178\chromedriver.exe
May 26, 2026 2:11:18 PM org.openqa.selenium.devtools.CdpVersionFinder findNearestMatch
WARNING: Unable to find CDP implementation matching 148
May 26, 2026 2:11:18 PM org.openqa.selenium.chromium.ChromiumDriver lambda$new$5
WARNING: Unable to find version of CDP to use for 148.0.7778.179. You may need to include a dependency on a specific version of the CDP using something similar to `org.seleniumhq.selenium:selenium-devtools-v86:4.18.1` where the version ("v86") matches the version of the chromium-based browser you're using and the version number of the artifact is the same as Selenium's.
[TestNG-tests-3] INFO io.github.bonigarcia.wdm.WebDriverManager - Using chromedriver 148.0.7778.178 (resolved driver for Chrome 148)
[TestNG-tests-3] INFO io.github.bonigarcia.wdm.WebDriverManager - Exporting webdriver.chrome.driver as C:\Users\debi2\.cache\selenium\chromedriver\win64\148.0.7778.178\chromedriver.exe
May 26, 2026 2:11:21 PM org.openqa.selenium.devtools.CdpVersionFinder findNearestMatch
WARNING: Unable to find CDP implementation matching 148
May 26, 2026 2:11:21 PM org.openqa.selenium.chromium.ChromiumDriver lambda$new$5
WARNING: Unable to find version of CDP to use for 148.0.7778.179. You may need to include a dependency on a specific version of the CDP using something similar to `org.seleniumhq.selenium:selenium-devtools-v86:4.18.1` where the version ("v86") matches the version of the chromium-based browser you're using and the version number of the artifact is the same as Selenium's.
[TestNG-tests-2] INFO io.github.bonigarcia.wdm.WebDriverManager - Using chromedriver 148.0.7778.178 (resolved driver for Chrome 148)
[TestNG-tests-2] INFO io.github.bonigarcia.wdm.WebDriverManager - Exporting webdriver.chrome.driver as C:\Users\debi2\.cache\selenium\chromedriver\win64\148.0.7778.178\chromedriver.exe
May 26, 2026 2:11:45 PM org.openqa.selenium.devtools.CdpVersionFinder findNearestMatch
WARNING: Unable to find CDP implementation matching 148
May 26, 2026 2:11:45 PM org.openqa.selenium.chromium.ChromiumDriver lambda$new$5
WARNING: Unable to find version of CDP to use for 148.0.7778.179. You may need to include a dependency on a specific version of the CDP using something similar to `org.seleniumhq.selenium:selenium-devtools-v86:4.18.1` where the version ("v86") matches the version of the chromium-based browser you're using and the version number of the artifact is the same as Selenium's.
]]></system-err>
  </testcase>
  <testcase name="TC_NEG_07_BothFieldsEmpty" classname="tests.UI.NegativeLoginTest" time="1.525">
    <system-out><![CDATA[[TEARDOWN] API test - no browser to close for: ResponseTimeAPITest
===== TC-PERF-01 : 30 USERS TEST =====
[JMETER] Running: src/test/resources/jmeter/testplan_30_users.jmx
Screenshot attached to Allure: TC-NEG-07 Both Fields Empty
Screenshot saved to: target/screenshots/TC-NEG-07_Both_Fields_Empty_20260526_141233.png
TC-NEG-07 PASSED
]]></system-out>
  </testcase>
  <testcase name="TC_API_01_GetNotes" classname="tests.API.GetNotesAPITest" time="4.606">
    <system-out><![CDATA[===== TC-NEG-07: Login with Both Fields Empty =====
[INFO] Ad iframes removed
[WARN] Click intercepted. Retry: 1
[INFO] Ad iframes removed
[INFO] Vignette ad removed
[INFO] Ad iframes removed
[TEARDOWN] Browser closed for: NegativeUITest
[INFO] Vignette ad removed
[INFO] JS click performed on: By.xpath: //button[text()='Login']
Login successful
[INFO] Ad iframes removed
[INFO] Vignette ad removed
[INFO] JS click performed on: By.xpath: //button[contains(text(),'Add Note')]
[INFO] Ad iframes removed
[INFO] Vignette ad removed
[INFO] JS click performed on: By.xpath: //button[@data-testid='note-submit']
Note created: Automation Note 1779784903594 [Home]
Token generated: 70ef14a5826146d78f1f1bdb76109f638ac0f9273b074a698b55f5225a2a6d16
===== TC-API-01: GET /notes Returns Notes List =====
[RETRY] Success on attempt: 1
Status Code: 200
[SCHEMA] Validation passed for: get_notes_schema.json
TC-API-01 PASSED
]]></system-out>
    <system-err><![CDATA[[TestNG-tests-1] INFO io.github.bonigarcia.wdm.WebDriverManager - Exporting webdriver.chrome.driver as C:\Users\debi2\.cache\selenium\chromedriver\win64\148.0.7778.178\chromedriver.exe
May 26, 2026 2:11:57 PM org.openqa.selenium.devtools.CdpVersionFinder findNearestMatch
WARNING: Unable to find CDP implementation matching 148
May 26, 2026 2:11:57 PM org.openqa.selenium.chromium.ChromiumDriver lambda$new$5
WARNING: Unable to find version of CDP to use for 148.0.7778.179. You may need to include a dependency on a specific version of the CDP using something similar to `org.seleniumhq.selenium:selenium-devtools-v86:4.18.1` where the version ("v86") matches the version of the chromium-based browser you're using and the version number of the artifact is the same as Selenium's.
]]></system-err>
  </testcase>
  <testcase name="TC_API_02_DeleteNote" classname="tests.API.DeleteNoteAPITest" time="2.387">
    <system-out><![CDATA[[TEARDOWN] API test - no browser to close for: GetNotesAPITest
Token generated: 70ef14a5826146d78f1f1bdb76109f638ac0f9273b074a698b55f5225a2a6d16
===== TC-API-02: Delete a Note via API =====
Creating a note to delete...
Create response status: 200
[SCHEMA] Validation passed for: create_note_schema.json
Note created with ID: 6a155cf253916b0295ccfe23
Sending DELETE request for note ID: 6a155cf253916b0295ccfe23
[INFO] Ad iframes removed
Delete response status: 200
Delete response body: {"success":true,"status":200,"message":"Note successfully deleted"}
TC-API-02 PASSED
]]></system-out>
  </testcase>
  <testcase name="TC_API_03_ResponseTimeUnder2Seconds" classname="tests.API.ResponseTimeAPITest" time="1.004">
    <system-out><![CDATA[[TEARDOWN] API test - no browser to close for: DeleteNoteAPITest
[WARN] Click intercepted. Retry: 1
Token generated: 70ef14a5826146d78f1f1bdb76109f638ac0f9273b074a698b55f5225a2a6d16
===== TC-API-03: API Response Time Under 2 Seconds =====
[RETRY] Success on attempt: 1
API Response Time: 1001ms
PASS: Response time is within limit
TC-API-03 PASSED - Response Time: 1001ms
]]></system-out>
  </testcase>
  <testcase name="TC_NEG_03_CreateNoteWithoutToken" classname="tests.API.NegativeAPITest" time="0.784">
    <system-out><![CDATA[WARN StatusConsoleListener The use of package scanning to locate plugins is deprecated and will be removed in a future release
WARN StatusConsoleListener The use of package scanning to locate plugins is deprecated and will be removed in a future release
WARN StatusConsoleListener The use of package scanning to locate plugins is deprecated and will be removed in a future release
WARN StatusConsoleListener The use of package scanning to locate plugins is deprecated and will be removed in a future release
Creating summariser <summary>
Created the tree successfully using src/test/resources/jmeter/testplan_30_users.jmx
Starting standalone test @ 2026 May 26 14:12:37 IST (1779784957333)
Waiting for possible Shutdown/StopTestNow/HeapDump/ThreadDump message on port 4445
[TEARDOWN] Browser closed for: NegativeLoginTest
Token generated: 70ef14a5826146d78f1f1bdb76109f638ac0f9273b074a698b55f5225a2a6d16
===== TC-NEG-03: Create Note via API without Token =====
Status: 401
TC-NEG-03 PASSED
]]></system-out>
  </testcase>
  <testcase name="TC_NEG_04_InvalidToken" classname="tests.API.NegativeAPITest" time="0.515">
    <system-out><![CDATA[[TEARDOWN] API test - no browser to close for: NegativeAPITest
===== TC-NEG-04: GET /notes with Invalid Token =====
Status: 401
TC-NEG-04 PASSED
]]></system-out>
  </testcase>
  <testcase name="TC_NEG_05_DeleteWrongNoteId" classname="tests.API.NegativeAPITest" time="0.554">
    <system-out><![CDATA[[TEARDOWN] API test - no browser to close for: NegativeAPITest
===== TC-NEG-05: DELETE Note with Wrong Note ID =====
Status: 400
TC-NEG-05 PASSED
]]></system-out>
  </testcase>
  <testcase name="TC_PERF_01_30Users" classname="tests.API.JMeterTest" time="11.453">
    <system-out><![CDATA[[TEARDOWN] API test - no browser to close for: NegativeAPITest
summary =     60 in 00:00:14 =    4.3/s Avg:  1359 Min:   576 Max:  2804 Err:     0 (0.00%)
Tidying up ...    @ 2026 May 26 14:12:51 IST (1779784971740)
... end of run
[JMETER] Done. Results saved at: target/jmeter/30_users_results.jtl
[JMETER] PERFORMANCE SUMMARY : 30 USERS
Total Requests : 60
Average Time   : 1359 ms
Min Time       : 576 ms
Max Time       : 2804 ms
TC-PERF-01 PASSED
]]></system-out>
    <system-err><![CDATA[[TestNG-tests-1] INFO io.github.bonigarcia.wdm.WebDriverManager - Using chromedriver 148.0.7778.178 (resolved driver for Chrome 148)
[TestNG-tests-1] INFO io.github.bonigarcia.wdm.WebDriverManager - Exporting webdriver.chrome.driver as C:\Users\debi2\.cache\selenium\chromedriver\win64\148.0.7778.178\chromedriver.exe
May 26, 2026 2:12:46 PM org.openqa.selenium.devtools.CdpVersionFinder findNearestMatch
WARNING: Unable to find CDP implementation matching 148
May 26, 2026 2:12:46 PM org.openqa.selenium.chromium.ChromiumDriver lambda$new$5
WARNING: Unable to find version of CDP to use for 148.0.7778.179. You may need to include a dependency on a specific version of the CDP using something similar to `org.seleniumhq.selenium:selenium-devtools-v86:4.18.1` where the version ("v86") matches the version of the chromium-based browser you're using and the version number of the artifact is the same as Selenium's.
]]></system-err>
  </testcase>
  <testcase name="TC_PERF_02_50Users" classname="tests.API.JMeterTest" time="9.442">
    <system-out><![CDATA[summary +      1 in 00:00:02 =    0.5/s Avg:  1466 Min:  1466 Max:  1466 Err:     0 (0.00%) Active: 10 Started: 10 Finished: 0
===== TC-E2E-01: Complete UI and API Note Lifecycle Validation =====
FR-01: Login via UI
[TEARDOWN] Browser closed for: CreateNoteTest
summary +     99 in 00:00:09 =   10.5/s Avg:   918 Min:   499 Max:  2614 Err:     0 (0.00%) Active: 0 Started: 50 Finished: 50
summary =    100 in 00:00:11 =    8.7/s Avg:   923 Min:   499 Max:  2614 Err:     0 (0.00%)
Tidying up ...    @ 2026 May 26 14:13:10 IST (1779784990792)
... end of run
[JMETER] Done. Results saved at: target/jmeter/50_users_results.jtl
[JMETER] PERFORMANCE SUMMARY : 50 USERS
Total Requests : 100
Average Time   : 923 ms
Min Time       : 499 ms
Max Time       : 2614 ms
TC-PERF-02 PASSED
]]></system-out>
  </testcase>
  <testcase name="TC_E2E_01_CompleteFlow" classname="tests.E2E.EndToEndTest" time="62.713">
    <system-out><![CDATA[[TEARDOWN] API test - no browser to close for: JMeterTest
[INFO] Ad iframes removed
[INFO] Vignette ad removed
[INFO] Ad iframes removed
[INFO] Vignette ad removed
[INFO] JS click performed on: By.xpath: //button[text()='Login']
Login successful
Screenshot attached to Allure: Step1 - Login Success
Screenshot saved to: target/screenshots/Step1_-_Login_Success_20260526_141351.png
FR-01 PASSED
FR-02: Create note via UI
[INFO] Ad iframes removed
[INFO] Vignette ad removed
[INFO] JS click performed on: By.xpath: //button[contains(text(),'Add Note')]
[INFO] Ad iframes removed
[INFO] Vignette ad removed
[INFO] JS click performed on: By.xpath: //button[@data-testid='note-submit']
Note created: Automation Note 1779784963992 [Home]
Screenshot attached to Allure: Step2 - Note Created
Screenshot saved to: target/screenshots/Step2_-_Note_Created_20260526_141352.png
FR-02 PASSED
FR-03: Verify note appears in UI list
Screenshot attached to Allure: Step3 - Note Visible in UI
Screenshot saved to: target/screenshots/Step3_-_Note_Visible_in_UI_20260526_141358.png
FR-03 PASSED
FR-04: GET /notes API returns list
Token generated: 70ef14a5826146d78f1f1bdb76109f638ac0f9273b074a698b55f5225a2a6d16
FR-04 PASSED
FR-05: UI created note visible in API
Note ID: 6a155d4753916b0295cd0079
UI Title: Automation Note 1779784963992 API Title: Automation Note 1779784963992
FR-05 PASSED
FR-06: Delete note via API
FR-06 PASSED
FR-07: Deleted note disappears from UI
Screenshot attached to Allure: Step7 - Note Gone from UI
Screenshot saved to: target/screenshots/Step7_-_Note_Gone_from_UI_20260526_141406.png
FR-07 PASSED
===== TC-E2E-01: ALL STEPS PASSED =====
]]></system-out>
  </testcase>
</testsuite>