<?xml version="1.0" encoding="UTF-8"?>
<testsuite xmlns:xsi="http://www.w3.org/2001/XMLSchema-instance" xsi:noNamespaceSchemaLocation="https://maven.apache.org/surefire/maven-surefire-plugin/xsd/surefire-test-report-3.0.xsd" version="3.0" name="tests.E2E.EndToEndTest" time="88.293" tests="3" errors="0" skipped="0" failures="0">
  <properties>
[...]
</properties>
  <testcase name="TC_E2E_01_UICreatedNoteVisibleInAPI" classname="tests.E2E.EndToEndTest" time="23.417">
    <system-out><![CDATA[===== TC-E2E-01: UI Created Note Visible in API =====
[INFO] Ad iframes removed
[INFO] Vignette ad removed
[INFO] Ad iframes removed
[INFO] Vignette ad removed
[INFO] JS click performed on: By.xpath: //button[text()='Login']
Login successful
[INFO] Ad iframes removed
[INFO] Vignette ad removed
[INFO] JS click performed on: By.xpath: //button[contains(text(),'Add Note')]
[INFO] Ad iframes removed
[INFO] Vignette ad removed
[INFO] JS click performed on: By.xpath: //button[@data-testid='note-submit']
Note created: Automation Note 1779648517262 [Home]
Screenshot attached to Allure: TC-E2E-01 Note in UI
Screenshot saved to: target/screenshots/TC-E2E-01_Note_in_UI_20260525_001903.png
Token generated: 70ef14a5826146d78f1f1bdb76109f638ac0f9273b074a698b55f5225a2a6d16
Note found in API - ID: 6a1348170389350296642f82
TC-E2E-01 PASSED
]]></system-out>
    <system-err><![CDATA[[main] INFO io.github.bonigarcia.wdm.WebDriverManager - Using chromedriver 148.0.7778.178 (resolved driver for Chrome 148)
[main] INFO io.github.bonigarcia.wdm.WebDriverManager - Exporting webdriver.chrome.driver as C:\Users\debi2\.cache\selenium\chromedriver\win64\148.0.7778.178\chromedriver.exe
May 25, 2026 12:18:40 AM org.openqa.selenium.devtools.CdpVersionFinder findNearestMatch
WARNING: Unable to find CDP implementation matching 148
May 25, 2026 12:18:40 AM org.openqa.selenium.chromium.ChromiumDriver lambda$new$5
WARNING: Unable to find version of CDP to use for 148.0.7778.179. You may need to include a dependency on a specific version of the CDP using something similar to `org.seleniumhq.selenium:selenium-devtools-v86:4.18.1` where the version ("v86") matches the version of the chromium-based browser you're using and the version number of the artifact is the same as Selenium's.
]]></system-err>
  </testcase>
  <testcase name="TC_E2E_02_APIDeletedNoteGoneFromUI" classname="tests.E2E.EndToEndTest" time="14.001">
    <system-out><![CDATA[[TEARDOWN] Browser closed for: EndToEndTest
===== TC-E2E-02: API Deleted Note Disappears from UI =====
Token generated: 70ef14a5826146d78f1f1bdb76109f638ac0f9273b074a698b55f5225a2a6d16
Delete Status: 200
[INFO] Ad iframes removed
[INFO] Vignette ad removed
[INFO] Ad iframes removed
[INFO] Vignette ad removed
[INFO] JS click performed on: By.xpath: //button[text()='Login']
Login successful
Screenshot attached to Allure: TC-E2E-02 Note Deleted from UI
Screenshot saved to: target/screenshots/TC-E2E-02_Note_Deleted_from_UI_20260525_001936.png
TC-E2E-02 PASSED
]]></system-out>
    <system-err><![CDATA[[main] INFO io.github.bonigarcia.wdm.WebDriverManager - Using chromedriver 148.0.7778.178 (resolved driver for Chrome 148)
[main] INFO io.github.bonigarcia.wdm.WebDriverManager - Exporting webdriver.chrome.driver as C:\Users\debi2\.cache\selenium\chromedriver\win64\148.0.7778.178\chromedriver.exe
May 25, 2026 12:19:13 AM org.openqa.selenium.devtools.CdpVersionFinder findNearestMatch
WARNING: Unable to find CDP implementation matching 148
May 25, 2026 12:19:13 AM org.openqa.selenium.chromium.ChromiumDriver lambda$new$5
WARNING: Unable to find version of CDP to use for 148.0.7778.179. You may need to include a dependency on a specific version of the CDP using something similar to `org.seleniumhq.selenium:selenium-devtools-v86:4.18.1` where the version ("v86") matches the version of the chromium-based browser you're using and the version number of the artifact is the same as Selenium's.
]]></system-err>
  </testcase>
  <testcase name="TC_E2E_03_UIAPIDataConsistency" classname="tests.E2E.EndToEndTest" time="15.311">
    <system-out><![CDATA[[TEARDOWN] Browser closed for: EndToEndTest
===== TC-E2E-03: UI and API Data Consistency Check =====
[INFO] Ad iframes removed
[INFO] Vignette ad removed
[INFO] Ad iframes removed
[INFO] Vignette ad removed
[INFO] JS click performed on: By.xpath: //button[text()='Login']
Login successful
[INFO] Ad iframes removed
[INFO] Vignette ad removed
[INFO] JS click performed on: By.xpath: //button[contains(text(),'Add Note')]
[INFO] Ad iframes removed
[INFO] Vignette ad removed
[INFO] JS click performed on: By.xpath: //button[@data-testid='note-submit']
Note created: Automation Note 1779648578648 [Home]
UI Title: Automation Note 1779648578648
Screenshot attached to Allure: TC-E2E-03 UI Note Data
Screenshot saved to: target/screenshots/TC-E2E-03_UI_Note_Data_20260525_002001.png
Token generated: 70ef14a5826146d78f1f1bdb76109f638ac0f9273b074a698b55f5225a2a6d16
API Title: Automation Note 1779648578648
API Description: Created using Selenium
All fields matched between UI and API
TC-E2E-03 PASSED
]]></system-out>
    <system-err><![CDATA[[main] INFO io.github.bonigarcia.wdm.WebDriverManager - Using chromedriver 148.0.7778.178 (resolved driver for Chrome 148)
[main] INFO io.github.bonigarcia.wdm.WebDriverManager - Exporting webdriver.chrome.driver as C:\Users\debi2\.cache\selenium\chromedriver\win64\148.0.7778.178\chromedriver.exe
May 25, 2026 12:19:40 AM org.openqa.selenium.devtools.CdpVersionFinder findNearestMatch
WARNING: Unable to find CDP implementation matching 148
May 25, 2026 12:19:40 AM org.openqa.selenium.chromium.ChromiumDriver lambda$new$5
WARNING: Unable to find version of CDP to use for 148.0.7778.179. You may need to include a dependency on a specific version of the CDP using something similar to `org.seleniumhq.selenium:selenium-devtools-v86:4.18.1` where the version ("v86") matches the version of the chromium-based browser you're using and the version number of the artifact is the same as Selenium's.
]]></system-err>
  </testcase>
</testsuite>