<?xml version="1.0" encoding="UTF-8"?>
<testng-results ignored="0" total="16" passed="16" failed="0" skipped="0">
  <reporter-output>
  </reporter-output>
  <suite started-at="2026-05-26T12:24:45 IST" name="NotesApp Test Suite" finished-at="2026-05-26T12:26:56 IST" duration-ms="131051">
    <groups>
    </groups>
    <test started-at="2026-05-26T12:24:45 IST" name="Login UI Tests" finished-at="2026-05-26T12:25:28 IST" duration-ms="42776">
      <class name="tests.UI.LoginTest">
        <test-method is-config="true" signature="setUp(java.lang.reflect.Method)[pri:0, instance:tests.UI.LoginTest@5524cca1]" started-at="2026-05-26T12:24:45 IST" name="setUp" finished-at="2026-05-26T12:24:53 IST" duration-ms="8058" status="PASS">
          <params>
            <param index="0">
              <value>
                <![CDATA[public void tests.UI.LoginTest.TC_UI_01_ValidLogin()]]>
              </value>
            </param>
          </params>
          <reporter-output>
          </reporter-output>
        </test-method> <!-- setUp -->
        <test-method signature="TC_UI_01_ValidLogin()[pri:0, instance:tests.UI.LoginTest@5524cca1]" started-at="2026-05-26T12:24:53 IST" name="TC_UI_01_ValidLogin" description="TC-UI-01: Login with Valid Credentials" finished-at="2026-05-26T12:25:24 IST" duration-ms="30758" status="PASS">
          <reporter-output>
          </reporter-output>
        </test-method> <!-- TC_UI_01_ValidLogin -->
        <test-method is-config="true" signature="tearDown()[pri:0, instance:tests.UI.LoginTest@5524cca1]" started-at="2026-05-26T12:25:24 IST" name="tearDown" finished-at="2026-05-26T12:25:28 IST" duration-ms="3493" status="PASS">
          <reporter-output>
          </reporter-output>
        </test-method> <!-- tearDown -->
      </class> <!-- tests.UI.LoginTest -->
    </test> <!-- Login UI Tests -->
    <test started-at="2026-05-26T12:24:45 IST" name="Negative UI Tests" finished-at="2026-05-26T12:25:57 IST" duration-ms="72208">
      <class name="tests.UI.NegativeUITest">
        <test-method is-config="true" signature="setUp(java.lang.reflect.Method)[pri:0, instance:tests.UI.NegativeUITest@6e535154]" started-at="2026-05-26T12:24:45 IST" name="setUp" finished-at="2026-05-26T12:24:58 IST" duration-ms="13327" status="PASS">
          <params>
            <param index="0">
              <value>
                <![CDATA[public void tests.UI.NegativeUITest.TC_NEG_01_CreateNoteEmptyTitle()]]>
              </value>
            </param>
          </params>
          <reporter-output>
          </reporter-output>
        </test-method> <!-- setUp -->
        <test-method signature="TC_NEG_01_CreateNoteEmptyTitle()[pri:0, instance:tests.UI.NegativeUITest@6e535154]" started-at="2026-05-26T12:24:58 IST" name="TC_NEG_01_CreateNoteEmptyTitle" description="TC-NEG-01: Create Note with Empty Title" finished-at="2026-05-26T12:25:20 IST" duration-ms="21574" status="PASS">
          <reporter-output>
          </reporter-output>
        </test-method> <!-- TC_NEG_01_CreateNoteEmptyTitle -->
        <test-method is-config="true" signature="tearDown()[pri:0, instance:tests.UI.NegativeUITest@6e535154]" started-at="2026-05-26T12:25:20 IST" name="tearDown" finished-at="2026-05-26T12:25:27 IST" duration-ms="6638" status="PASS">
          <reporter-output>
          </reporter-output>
        </test-method> <!-- tearDown -->
        <test-method is-config="true" signature="setUp(java.lang.reflect.Method)[pri:0, instance:tests.UI.NegativeUITest@6e535154]" started-at="2026-05-26T12:25:27 IST" name="setUp" finished-at="2026-05-26T12:25:30 IST" duration-ms="2777" status="PASS">
          <params>
            <param index="0">
              <value>
                <![CDATA[public void tests.UI.NegativeUITest.TC_NEG_02_CreateNoteEmptyDescription()]]>
              </value>
            </param>
          </params>
          <reporter-output>
          </reporter-output>
        </test-method> <!-- setUp -->
        <test-method signature="TC_NEG_02_CreateNoteEmptyDescription()[pri:0, instance:tests.UI.NegativeUITest@6e535154]" started-at="2026-05-26T12:25:30 IST" name="TC_NEG_02_CreateNoteEmptyDescription" description="TC-NEG-02: Create Note with Empty Description" finished-at="2026-05-26T12:25:51 IST" duration-ms="21632" status="PASS">
          <reporter-output>
          </reporter-output>
        </test-method> <!-- TC_NEG_02_CreateNoteEmptyDescription -->
        <test-method is-config="true" signature="tearDown()[pri:0, instance:tests.UI.NegativeUITest@6e535154]" started-at="2026-05-26T12:25:51 IST" name="tearDown" finished-at="2026-05-26T12:25:57 IST" duration-ms="5916" status="PASS">
          <reporter-output>
          </reporter-output>
        </test-method> <!-- tearDown -->
      </class> <!-- tests.UI.NegativeUITest -->
    </test> <!-- Negative UI Tests -->
    <test started-at="2026-05-26T12:25:57 IST" name="GET API Tests" finished-at="2026-05-26T12:26:10 IST" duration-ms="12365">
      <class name="tests.API.GetNotesAPITest">
        <test-method is-config="true" signature="apiSetup()[pri:0, instance:tests.API.GetNotesAPITest@333d4a8c]" started-at="2026-05-26T12:25:57 IST" name="apiSetup" finished-at="2026-05-26T12:26:05 IST" duration-ms="8166" status="PASS">
          <reporter-output>
          </reporter-output>
        </test-method> <!-- apiSetup -->
        <test-method is-config="true" signature="setUp(java.lang.reflect.Method)[pri:0, instance:tests.API.GetNotesAPITest@333d4a8c]" started-at="2026-05-26T12:26:05 IST" name="setUp" finished-at="2026-05-26T12:26:05 IST" duration-ms="7" status="PASS">
          <params>
            <param index="0">
              <value>
                <![CDATA[public void tests.API.GetNotesAPITest.TC_API_01_GetNotes()]]>
              </value>
            </param>
          </params>
          <reporter-output>
          </reporter-output>
        </test-method> <!-- setUp -->
        <test-method signature="TC_API_01_GetNotes()[pri:0, instance:tests.API.GetNotesAPITest@333d4a8c]" started-at="2026-05-26T12:26:05 IST" name="TC_API_01_GetNotes" description="TC-API-01: GET /notes Returns Notes List" finished-at="2026-05-26T12:26:10 IST" duration-ms="4157" status="PASS">
          <reporter-output>
          </reporter-output>
        </test-method> <!-- TC_API_01_GetNotes -->
        <test-method is-config="true" signature="tearDown()[pri:0, instance:tests.API.GetNotesAPITest@333d4a8c]" started-at="2026-05-26T12:26:10 IST" name="tearDown" finished-at="2026-05-26T12:26:10 IST" duration-ms="3" status="PASS">
          <reporter-output>
          </reporter-output>
        </test-method> <!-- tearDown -->
      </class> <!-- tests.API.GetNotesAPITest -->
    </test> <!-- GET API Tests -->
    <test started-at="2026-05-26T12:26:10 IST" name="DELETE API Tests" finished-at="2026-05-26T12:26:12 IST" duration-ms="2614">
      <class name="tests.API.DeleteNoteAPITest">
        <test-method is-config="true" signature="apiSetup()[pri:0, instance:tests.API.DeleteNoteAPITest@4d14b6c2]" started-at="2026-05-26T12:26:10 IST" name="apiSetup" finished-at="2026-05-26T12:26:10 IST" duration-ms="770" status="PASS">
          <reporter-output>
          </reporter-output>
        </test-method> <!-- apiSetup -->
        <test-method is-config="true" signature="setUp(java.lang.reflect.Method)[pri:0, instance:tests.API.DeleteNoteAPITest@4d14b6c2]" started-at="2026-05-26T12:26:10 IST" name="setUp" finished-at="2026-05-26T12:26:10 IST" duration-ms="17" status="PASS">
          <params>
            <param index="0">
              <value>
                <![CDATA[public void tests.API.DeleteNoteAPITest.TC_API_02_DeleteNote()]]>
              </value>
            </param>
          </params>
          <reporter-output>
          </reporter-output>
        </test-method> <!-- setUp -->
        <test-method signature="TC_API_02_DeleteNote()[pri:0, instance:tests.API.DeleteNoteAPITest@4d14b6c2]" started-at="2026-05-26T12:26:10 IST" name="TC_API_02_DeleteNote" description="TC-API-02: Delete a Note via API" finished-at="2026-05-26T12:26:12 IST" duration-ms="1798" status="PASS">
          <reporter-output>
          </reporter-output>
        </test-method> <!-- TC_API_02_DeleteNote -->
        <test-method is-config="true" signature="tearDown()[pri:0, instance:tests.API.DeleteNoteAPITest@4d14b6c2]" started-at="2026-05-26T12:26:12 IST" name="tearDown" finished-at="2026-05-26T12:26:12 IST" duration-ms="3" status="PASS">
          <reporter-output>
          </reporter-output>
        </test-method> <!-- tearDown -->
      </class> <!-- tests.API.DeleteNoteAPITest -->
    </test> <!-- DELETE API Tests -->
    <test started-at="2026-05-26T12:26:12 IST" name="Response Time API Tests" finished-at="2026-05-26T12:26:14 IST" duration-ms="1473">
      <class name="tests.API.ResponseTimeAPITest">
        <test-method is-config="true" signature="apiSetup()[pri:0, instance:tests.API.ResponseTimeAPITest@7b4c50bc]" started-at="2026-05-26T12:26:12 IST" name="apiSetup" finished-at="2026-05-26T12:26:13 IST" duration-ms="672" status="PASS">
          <reporter-output>
          </reporter-output>
        </test-method> <!-- apiSetup -->
        <test-method is-config="true" signature="setUp(java.lang.reflect.Method)[pri:0, instance:tests.API.ResponseTimeAPITest@7b4c50bc]" started-at="2026-05-26T12:26:13 IST" name="setUp" finished-at="2026-05-26T12:26:13 IST" duration-ms="13" status="PASS">
          <params>
            <param index="0">
              <value>
                <![CDATA[public void tests.API.ResponseTimeAPITest.TC_API_03_ResponseTimeUnder2Seconds()]]>
              </value>
            </param>
          </params>
          <reporter-output>
          </reporter-output>
        </test-method> <!-- setUp -->
        <test-method signature="TC_API_03_ResponseTimeUnder2Seconds()[pri:0, instance:tests.API.ResponseTimeAPITest@7b4c50bc]" started-at="2026-05-26T12:26:13 IST" name="TC_API_03_ResponseTimeUnder2Seconds" description="TC-API-03: API Response Time is Under 2 Seconds" finished-at="2026-05-26T12:26:14 IST" duration-ms="736" status="PASS">
          <reporter-output>
          </reporter-output>
        </test-method> <!-- TC_API_03_ResponseTimeUnder2Seconds -->
        <test-method is-config="true" signature="tearDown()[pri:0, instance:tests.API.ResponseTimeAPITest@7b4c50bc]" started-at="2026-05-26T12:26:14 IST" name="tearDown" finished-at="2026-05-26T12:26:14 IST" duration-ms="11" status="PASS">
          <reporter-output>
          </reporter-output>
        </test-method> <!-- tearDown -->
      </class> <!-- tests.API.ResponseTimeAPITest -->
    </test> <!-- Response Time API Tests -->
    <test started-at="2026-05-26T12:24:45 IST" name="Create Note UI Tests" finished-at="2026-05-26T12:26:28 IST" duration-ms="103299">
      <class name="tests.UI.CreateNoteTest">
        <test-method is-config="true" signature="setUp(java.lang.reflect.Method)[pri:0, instance:tests.UI.CreateNoteTest@7bd7d6d6]" started-at="2026-05-26T12:24:45 IST" name="setUp" finished-at="2026-05-26T12:24:53 IST" duration-ms="7952" status="PASS">
          <params>
            <param index="0">
              <value>
                <![CDATA[public void tests.UI.CreateNoteTest.TC_UI_02_CreateNote()]]>
              </value>
            </param>
          </params>
          <reporter-output>
          </reporter-output>
        </test-method> <!-- setUp -->
        <test-method signature="TC_UI_02_CreateNote()[pri:0, instance:tests.UI.CreateNoteTest@7bd7d6d6]" started-at="2026-05-26T12:24:53 IST" name="TC_UI_02_CreateNote" description="TC-UI-02: Create a New Note via UI" finished-at="2026-05-26T12:25:54 IST" duration-ms="60859" status="PASS">
          <reporter-output>
          </reporter-output>
        </test-method> <!-- TC_UI_02_CreateNote -->
        <test-method is-config="true" signature="tearDown()[pri:0, instance:tests.UI.CreateNoteTest@7bd7d6d6]" started-at="2026-05-26T12:25:54 IST" name="tearDown" finished-at="2026-05-26T12:26:00 IST" duration-ms="5294" status="PASS">
          <reporter-output>
          </reporter-output>
        </test-method> <!-- tearDown -->
        <test-method is-config="true" signature="setUp(java.lang.reflect.Method)[pri:0, instance:tests.UI.CreateNoteTest@7bd7d6d6]" started-at="2026-05-26T12:26:00 IST" name="setUp" finished-at="2026-05-26T12:26:03 IST" duration-ms="3747" status="PASS">
          <params>
            <param index="0">
              <value>
                <![CDATA[public void tests.UI.CreateNoteTest.TC_UI_03_NoteAppearsInList()]]>
              </value>
            </param>
          </params>
          <reporter-output>
          </reporter-output>
        </test-method> <!-- setUp -->
        <test-method signature="TC_UI_03_NoteAppearsInList()[pri:0, instance:tests.UI.CreateNoteTest@7bd7d6d6]" started-at="2026-05-26T12:26:03 IST" name="TC_UI_03_NoteAppearsInList" description="TC-UI-03: Newly Created Note Appears in UI List" finished-at="2026-05-26T12:26:26 IST" duration-ms="23023" status="PASS">
          <reporter-output>
          </reporter-output>
        </test-method> <!-- TC_UI_03_NoteAppearsInList -->
        <test-method is-config="true" signature="tearDown()[pri:0, instance:tests.UI.CreateNoteTest@7bd7d6d6]" started-at="2026-05-26T12:26:26 IST" name="tearDown" finished-at="2026-05-26T12:26:28 IST" duration-ms="1863" status="PASS">
          <reporter-output>
          </reporter-output>
        </test-method> <!-- tearDown -->
      </class> <!-- tests.UI.CreateNoteTest -->
    </test> <!-- Create Note UI Tests -->
    <test started-at="2026-05-26T12:25:28 IST" name="Negative Login Tests" finished-at="2026-05-26T12:26:28 IST" duration-ms="60103">
      <class name="tests.UI.NegativeLoginTest">
        <test-method is-config="true" signature="setUp(java.lang.reflect.Method)[pri:0, instance:tests.UI.NegativeLoginTest@1807e3f6]" started-at="2026-05-26T12:25:28 IST" name="setUp" finished-at="2026-05-26T12:25:31 IST" duration-ms="3206" status="PASS">
          <params>
            <param index="0">
              <value>
                <![CDATA[public void tests.UI.NegativeLoginTest.TC_NEG_06_WrongPassword()]]>
              </value>
            </param>
          </params>
          <reporter-output>
          </reporter-output>
        </test-method> <!-- setUp -->
        <test-method signature="TC_NEG_06_WrongPassword()[pri:0, instance:tests.UI.NegativeLoginTest@1807e3f6]" started-at="2026-05-26T12:25:32 IST" name="TC_NEG_06_WrongPassword" description="TC-NEG-06: Login with Wrong Password" finished-at="2026-05-26T12:25:56 IST" duration-ms="24272" status="PASS">
          <reporter-output>
          </reporter-output>
        </test-method> <!-- TC_NEG_06_WrongPassword -->
        <test-method is-config="true" signature="tearDown()[pri:0, instance:tests.UI.NegativeLoginTest@1807e3f6]" started-at="2026-05-26T12:25:56 IST" name="tearDown" finished-at="2026-05-26T12:25:59 IST" duration-ms="3533" status="PASS">
          <reporter-output>
          </reporter-output>
        </test-method> <!-- tearDown -->
        <test-method is-config="true" signature="setUp(java.lang.reflect.Method)[pri:0, instance:tests.UI.NegativeLoginTest@1807e3f6]" started-at="2026-05-26T12:25:59 IST" name="setUp" finished-at="2026-05-26T12:26:03 IST" duration-ms="3927" status="PASS">
          <params>
            <param index="0">
              <value>
                <![CDATA[public void tests.UI.NegativeLoginTest.TC_NEG_07_BothFieldsEmpty()]]>
              </value>
            </param>
          </params>
          <reporter-output>
          </reporter-output>
        </test-method> <!-- setUp -->
        <test-method signature="TC_NEG_07_BothFieldsEmpty()[pri:0, instance:tests.UI.NegativeLoginTest@1807e3f6]" started-at="2026-05-26T12:26:03 IST" name="TC_NEG_07_BothFieldsEmpty" description="TC-NEG-07: Login with Both Fields Empty" finished-at="2026-05-26T12:26:26 IST" duration-ms="22990" status="PASS">
          <reporter-output>
          </reporter-output>
        </test-method> <!-- TC_NEG_07_BothFieldsEmpty -->
        <test-method is-config="true" signature="tearDown()[pri:0, instance:tests.UI.NegativeLoginTest@1807e3f6]" started-at="2026-05-26T12:26:26 IST" name="tearDown" finished-at="2026-05-26T12:26:28 IST" duration-ms="2107" status="PASS">
          <reporter-output>
          </reporter-output>
        </test-method> <!-- tearDown -->
      </class> <!-- tests.UI.NegativeLoginTest -->
    </test> <!-- Negative Login Tests -->
    <test started-at="2026-05-26T12:26:28 IST" name="Negative API Tests" finished-at="2026-05-26T12:26:32 IST" duration-ms="3558">
      <class name="tests.API.NegativeAPITest">
        <test-method is-config="true" signature="apiSetup()[pri:0, instance:tests.API.NegativeAPITest@624ea235]" started-at="2026-05-26T12:26:28 IST" name="apiSetup" finished-at="2026-05-26T12:26:29 IST" duration-ms="682" status="PASS">
          <reporter-output>
          </reporter-output>
        </test-method> <!-- apiSetup -->
        <test-method is-config="true" signature="setUp(java.lang.reflect.Method)[pri:0, instance:tests.API.NegativeAPITest@624ea235]" started-at="2026-05-26T12:26:29 IST" name="setUp" finished-at="2026-05-26T12:26:29 IST" duration-ms="1" status="PASS">
          <params>
            <param index="0">
              <value>
                <![CDATA[public void tests.API.NegativeAPITest.TC_NEG_03_CreateNoteWithoutToken()]]>
              </value>
            </param>
          </params>
          <reporter-output>
          </reporter-output>
        </test-method> <!-- setUp -->
        <test-method signature="TC_NEG_03_CreateNoteWithoutToken()[pri:0, instance:tests.API.NegativeAPITest@624ea235]" started-at="2026-05-26T12:26:29 IST" name="TC_NEG_03_CreateNoteWithoutToken" description="TC-NEG-03: Create Note via API without Token" finished-at="2026-05-26T12:26:30 IST" duration-ms="925" status="PASS">
          <reporter-output>
          </reporter-output>
        </test-method> <!-- TC_NEG_03_CreateNoteWithoutToken -->
        <test-method is-config="true" signature="tearDown()[pri:0, instance:tests.API.NegativeAPITest@624ea235]" started-at="2026-05-26T12:26:30 IST" name="tearDown" finished-at="2026-05-26T12:26:30 IST" duration-ms="1" status="PASS">
          <reporter-output>
          </reporter-output>
        </test-method> <!-- tearDown -->
        <test-method is-config="true" signature="setUp(java.lang.reflect.Method)[pri:0, instance:tests.API.NegativeAPITest@624ea235]" started-at="2026-05-26T12:26:30 IST" name="setUp" finished-at="2026-05-26T12:26:30 IST" duration-ms="78" status="PASS">
          <params>
            <param index="0">
              <value>
                <![CDATA[public void tests.API.NegativeAPITest.TC_NEG_04_InvalidToken()]]>
              </value>
            </param>
          </params>
          <reporter-output>
          </reporter-output>
        </test-method> <!-- setUp -->
        <test-method signature="TC_NEG_04_InvalidToken()[pri:0, instance:tests.API.NegativeAPITest@624ea235]" started-at="2026-05-26T12:26:30 IST" name="TC_NEG_04_InvalidToken" description="TC-NEG-04: GET /notes with Invalid Token" finished-at="2026-05-26T12:26:31 IST" duration-ms="1114" status="PASS">
          <reporter-output>
          </reporter-output>
        </test-method> <!-- TC_NEG_04_InvalidToken -->
        <test-method is-config="true" signature="tearDown()[pri:0, instance:tests.API.NegativeAPITest@624ea235]" started-at="2026-05-26T12:26:31 IST" name="tearDown" finished-at="2026-05-26T12:26:31 IST" duration-ms="3" status="PASS">
          <reporter-output>
          </reporter-output>
        </test-method> <!-- tearDown -->
        <test-method is-config="true" signature="setUp(java.lang.reflect.Method)[pri:0, instance:tests.API.NegativeAPITest@624ea235]" started-at="2026-05-26T12:26:31 IST" name="setUp" finished-at="2026-05-26T12:26:31 IST" duration-ms="4" status="PASS">
          <params>
            <param index="0">
              <value>
                <![CDATA[public void tests.API.NegativeAPITest.TC_NEG_05_DeleteWrongNoteId()]]>
              </value>
            </param>
          </params>
          <reporter-output>
          </reporter-output>
        </test-method> <!-- setUp -->
        <test-method signature="TC_NEG_05_DeleteWrongNoteId()[pri:0, instance:tests.API.NegativeAPITest@624ea235]" started-at="2026-05-26T12:26:31 IST" name="TC_NEG_05_DeleteWrongNoteId" description="TC-NEG-05: DELETE Note with Wrong Note ID" finished-at="2026-05-26T12:26:32 IST" duration-ms="512" status="PASS">
          <reporter-output>
          </reporter-output>
        </test-method> <!-- TC_NEG_05_DeleteWrongNoteId -->
        <test-method is-config="true" signature="tearDown()[pri:0, instance:tests.API.NegativeAPITest@624ea235]" started-at="2026-05-26T12:26:32 IST" name="tearDown" finished-at="2026-05-26T12:26:32 IST" duration-ms="2" status="PASS">
          <reporter-output>
          </reporter-output>
        </test-method> <!-- tearDown -->
      </class> <!-- tests.API.NegativeAPITest -->
    </test> <!-- Negative API Tests -->
    <test started-at="2026-05-26T12:26:14 IST" name="JMeter Performance Tests" finished-at="2026-05-26T12:26:53 IST" duration-ms="38801">
      <class name="tests.API.JMeterTest">
        <test-method is-config="true" signature="setUp(java.lang.reflect.Method)[pri:0, instance:tests.API.JMeterTest@7a6d7e92]" started-at="2026-05-26T12:26:14 IST" name="setUp" finished-at="2026-05-26T12:26:14 IST" duration-ms="1" status="PASS">
          <params>
            <param index="0">
              <value>
                <![CDATA[public void tests.API.JMeterTest.TC_PERF_01_30Users() throws java.lang.Exception]]>
              </value>
            </param>
          </params>
          <reporter-output>
          </reporter-output>
        </test-method> <!-- setUp -->
        <test-method signature="TC_PERF_01_30Users()[pri:0, instance:tests.API.JMeterTest@7a6d7e92]" started-at="2026-05-26T12:26:14 IST" name="TC_PERF_01_30Users" description="Performance Test - 30 Users" finished-at="2026-05-26T12:26:35 IST" duration-ms="21240" status="PASS">
          <reporter-output>
          </reporter-output>
        </test-method> <!-- TC_PERF_01_30Users -->
        <test-method is-config="true" signature="tearDown()[pri:0, instance:tests.API.JMeterTest@7a6d7e92]" started-at="2026-05-26T12:26:35 IST" name="tearDown" finished-at="2026-05-26T12:26:35 IST" duration-ms="2" status="PASS">
          <reporter-output>
          </reporter-output>
        </test-method> <!-- tearDown -->
        <test-method is-config="true" signature="setUp(java.lang.reflect.Method)[pri:0, instance:tests.API.JMeterTest@7a6d7e92]" started-at="2026-05-26T12:26:35 IST" name="setUp" finished-at="2026-05-26T12:26:35 IST" duration-ms="46" status="PASS">
          <params>
            <param index="0">
              <value>
                <![CDATA[public void tests.API.JMeterTest.TC_PERF_02_50Users() throws java.lang.Exception]]>
              </value>
            </param>
          </params>
          <reporter-output>
          </reporter-output>
        </test-method> <!-- setUp -->
        <test-method signature="TC_PERF_02_50Users()[pri:0, instance:tests.API.JMeterTest@7a6d7e92]" started-at="2026-05-26T12:26:35 IST" name="TC_PERF_02_50Users" description="Performance Test - 50 Users" finished-at="2026-05-26T12:26:53 IST" duration-ms="17429" status="PASS">
          <reporter-output>
          </reporter-output>
        </test-method> <!-- TC_PERF_02_50Users -->
        <test-method is-config="true" signature="tearDown()[pri:0, instance:tests.API.JMeterTest@7a6d7e92]" started-at="2026-05-26T12:26:53 IST" name="tearDown" finished-at="2026-05-26T12:26:53 IST" duration-ms="1" status="PASS">
          <reporter-output>
          </reporter-output>
        </test-method> <!-- tearDown -->
      </class> <!-- tests.API.JMeterTest -->
    </test> <!-- JMeter Performance Tests -->
    <test started-at="2026-05-26T12:26:28 IST" name="End to End Tests" finished-at="2026-05-26T12:26:56 IST" duration-ms="27674">
      <class name="tests.E2E.EndToEndTest">
        <test-method is-config="true" signature="setUp(java.lang.reflect.Method)[pri:0, instance:tests.E2E.EndToEndTest@1b1cfb87]" started-at="2026-05-26T12:26:28 IST" name="setUp" finished-at="2026-05-26T12:26:37 IST" duration-ms="8486" status="PASS">
          <params>
            <param index="0">
              <value>
                <![CDATA[public void tests.E2E.EndToEndTest.TC_E2E_01_CompleteFlow()]]>
              </value>
            </param>
          </params>
          <reporter-output>
          </reporter-output>
        </test-method> <!-- setUp -->
        <test-method signature="TC_E2E_01_CompleteFlow()[pri:0, instance:tests.E2E.EndToEndTest@1b1cfb87]" started-at="2026-05-26T12:26:37 IST" name="TC_E2E_01_CompleteFlow" description="TC-E2E-01: Complete Notes App Flow - Login, Create, Verify, Delete" finished-at="2026-05-26T12:26:54 IST" duration-ms="17514" status="PASS">
          <reporter-output>
          </reporter-output>
        </test-method> <!-- TC_E2E_01_CompleteFlow -->
        <test-method is-config="true" signature="tearDown()[pri:0, instance:tests.E2E.EndToEndTest@1b1cfb87]" started-at="2026-05-26T12:26:54 IST" name="tearDown" finished-at="2026-05-26T12:26:56 IST" duration-ms="1657" status="PASS">
          <reporter-output>
          </reporter-output>
        </test-method> <!-- tearDown -->
      </class> <!-- tests.E2E.EndToEndTest -->
    </test> <!-- End to End Tests -->
  </suite> <!-- NotesApp Test Suite -->
</testng-results>
