<?xml version="1.0" encoding="UTF-8"?>
<testsuite xmlns:xsi="http://www.w3.org/2001/XMLSchema-instance" xsi:noNamespaceSchemaLocation="https://maven.apache.org/surefire/maven-surefire-plugin/xsd/surefire-test-report-3.0.xsd" version="3.0" name="TestSuite" time="161.98" tests="16" errors="0" skipped="0" failures="1">
  <properties>
[...]
</properties>
  <testcase name="TC_UI_01_ValidLogin" classname="tests.UI.LoginTest" time="0.84">
    <system-out><![CDATA[===== TC-UI-02: Create a New Note via UI and Verify it appears in UI List =====
===== TC-UI-01: Login with Valid Credentials =====
Page Load Time: 11907ms
Page load time: 11907ms
[INFO] Ad iframes removed
[INFO] Vignette ad removed
[INFO] Ad iframes removed
[INFO] Vignette ad removed
[INFO] JS click performed on: By.xpath: //button[text()='Login']
===== TC-NEG-01: Create Note with Empty Title =====
Login successful
Screenshot attached to Allure: TC-UI-01 Login Success
Screenshot saved to: target/screenshots/TC-UI-01_Login_Success_20260526_115101.png
TC-UI-01 PASSED
]]></system-out>
    <system-err><![CDATA[[TestNG-tests-3] INFO io.github.bonigarcia.wdm.WebDriverManager - Using chromedriver 148.0.7778.178 (resolved driver for Chrome 148)
[TestNG-tests-1] INFO io.github.bonigarcia.wdm.WebDriverManager - Using chromedriver 148.0.7778.178 (resolved driver for Chrome 148)
[TestNG-tests-2] INFO io.github.bonigarcia.wdm.WebDriverManager - Using chromedriver 148.0.7778.178 (resolved driver for Chrome 148)
[TestNG-tests-1] INFO io.github.bonigarcia.wdm.WebDriverManager - Exporting webdriver.chrome.driver as C:\Users\debi2\.cache\selenium\chromedriver\win64\148.0.7778.178\chromedriver.exe
[TestNG-tests-3] INFO io.github.bonigarcia.wdm.WebDriverManager - Exporting webdriver.chrome.driver as C:\Users\debi2\.cache\selenium\chromedriver\win64\148.0.7778.178\chromedriver.exe
[TestNG-tests-2] INFO io.github.bonigarcia.wdm.WebDriverManager - Exporting webdriver.chrome.driver as C:\Users\debi2\.cache\selenium\chromedriver\win64\148.0.7778.178\chromedriver.exe
May 26, 2026 11:50:39 AM org.openqa.selenium.devtools.CdpVersionFinder findNearestMatch
WARNING: Unable to find CDP implementation matching 148
May 26, 2026 11:50:39 AM org.openqa.selenium.devtools.CdpVersionFinder findNearestMatch
WARNING: Unable to find CDP implementation matching 148
May 26, 2026 11:50:39 AM org.openqa.selenium.devtools.CdpVersionFinder findNearestMatch
WARNING: Unable to find CDP implementation matching 148
May 26, 2026 11:50:39 AM org.openqa.selenium.chromium.ChromiumDriver lambda$new$5
WARNING: Unable to find version of CDP to use for 148.0.7778.179. You may need to include a dependency on a specific version of the CDP using something similar to `org.seleniumhq.selenium:selenium-devtools-v86:4.18.1` where the version ("v86") matches the version of the chromium-based browser you're using and the version number of the artifact is the same as Selenium's.
May 26, 2026 11:50:39 AM org.openqa.selenium.chromium.ChromiumDriver lambda$new$5
WARNING: Unable to find version of CDP to use for 148.0.7778.179. You may need to include a dependency on a specific version of the CDP using something similar to `org.seleniumhq.selenium:selenium-devtools-v86:4.18.1` where the version ("v86") matches the version of the chromium-based browser you're using and the version number of the artifact is the same as Selenium's.
May 26, 2026 11:50:39 AM org.openqa.selenium.chromium.ChromiumDriver lambda$new$5
WARNING: Unable to find version of CDP to use for 148.0.7778.179. You may need to include a dependency on a specific version of the CDP using something similar to `org.seleniumhq.selenium:selenium-devtools-v86:4.18.1` where the version ("v86") matches the version of the chromium-based browser you're using and the version number of the artifact is the same as Selenium's.
]]></system-err>
  </testcase>
  <testcase name="TC_NEG_01_CreateNoteEmptyTitle" classname="tests.UI.NegativeUITest" time="14.536">
    <system-out><![CDATA[[TEARDOWN] Browser closed for: LoginTest
[INFO] Ad iframes removed
[INFO] Vignette ad removed
[INFO] Ad iframes removed
[INFO] Vignette ad removed
[INFO] JS click performed on: By.xpath: //button[text()='Login']
[INFO] Ad iframes removed
[INFO] Vignette ad removed
[INFO] Ad iframes removed
[INFO] Vignette ad removed
[INFO] JS click performed on: By.xpath: //button[text()='Login']
Login successful
Login successful
[INFO] Ad iframes removed
[INFO] Ad iframes removed
[INFO] Vignette ad removed
[INFO] Vignette ad removed
[INFO] JS click performed on: By.xpath: //button[contains(text(),'Add Note')]
[INFO] JS click performed on: By.xpath: //button[contains(text(),'Add Note')]
[INFO] Ad iframes removed
[INFO] Vignette ad removed
[INFO] JS click performed on: By.xpath: //button[@data-testid='note-submit']
Note created:  [Home]
[INFO] Ad iframes removed
[INFO] Vignette ad removed
[INFO] JS click performed on: By.xpath: //button[@data-testid='note-submit']
Note created: Automation Note 1779776433889 [Home]
Screenshot attached to Allure: TC-NEG-01 Empty Title Validation
Screenshot saved to: target/screenshots/TC-NEG-01_Empty_Title_Validation_20260526_115115.png
TC-NEG-01 PASSED
]]></system-out>
    <system-err><![CDATA[[TestNG-tests-1] INFO io.github.bonigarcia.wdm.WebDriverManager - Using chromedriver 148.0.7778.178 (resolved driver for Chrome 148)
[TestNG-tests-1] INFO io.github.bonigarcia.wdm.WebDriverManager - Exporting webdriver.chrome.driver as C:\Users\debi2\.cache\selenium\chromedriver\win64\148.0.7778.178\chromedriver.exe
May 26, 2026 11:51:05 AM org.openqa.selenium.devtools.CdpVersionFinder findNearestMatch
WARNING: Unable to find CDP implementation matching 148
May 26, 2026 11:51:05 AM org.openqa.selenium.chromium.ChromiumDriver lambda$new$5
WARNING: Unable to find version of CDP to use for 148.0.7778.179. You may need to include a dependency on a specific version of the CDP using something similar to `org.seleniumhq.selenium:selenium-devtools-v86:4.18.1` where the version ("v86") matches the version of the chromium-based browser you're using and the version number of the artifact is the same as Selenium's.
]]></system-err>
  </testcase>
  <testcase name="TC_NEG_02_CreateNoteEmptyDescription" classname="tests.UI.NegativeUITest" time="7.059">
    <system-out><![CDATA[[TEARDOWN] Browser closed for: CreateNoteTest
[TEARDOWN] Browser closed for: NegativeLoginTest
[INFO] Ad iframes removed
[INFO] Vignette ad removed
[INFO] Ad iframes removed
===== TC-NEG-07: Login with Both Fields Empty =====
[INFO] Vignette ad removed
[INFO] JS click performed on: By.xpath: //button[text()='Login']
Login successful
[INFO] Ad iframes removed
[INFO] Vignette ad removed
[INFO] JS click performed on: By.xpath: //button[contains(text(),'Add Note')]
[INFO] Ad iframes removed
[INFO] Vignette ad removed
[INFO] JS click performed on: By.xpath: //button[@data-testid='note-submit']
Note created: Title Only 1779776495873 [Home]
Screenshot attached to Allure: TC-NEG-02 Empty Description Validation
Screenshot saved to: target/screenshots/TC-NEG-02_Empty_Description_Validation_20260526_115150.png
TC-NEG-02 PASSED
]]></system-out>
    <system-err><![CDATA[[TestNG-tests-2] INFO io.github.bonigarcia.wdm.WebDriverManager - Using chromedriver 148.0.7778.178 (resolved driver for Chrome 148)
[TestNG-tests-2] INFO io.github.bonigarcia.wdm.WebDriverManager - Exporting webdriver.chrome.driver as C:\Users\debi2\.cache\selenium\chromedriver\win64\148.0.7778.178\chromedriver.exe
May 26, 2026 11:51:39 AM org.openqa.selenium.devtools.CdpVersionFinder findNearestMatch
WARNING: Unable to find CDP implementation matching 148
May 26, 2026 11:51:39 AM org.openqa.selenium.chromium.ChromiumDriver lambda$new$5
WARNING: Unable to find version of CDP to use for 148.0.7778.179. You may need to include a dependency on a specific version of the CDP using something similar to `org.seleniumhq.selenium:selenium-devtools-v86:4.18.1` where the version ("v86") matches the version of the chromium-based browser you're using and the version number of the artifact is the same as Selenium's.
[TestNG-tests-1] INFO io.github.bonigarcia.wdm.WebDriverManager - Using chromedriver 148.0.7778.178 (resolved driver for Chrome 148)
[TestNG-tests-1] INFO io.github.bonigarcia.wdm.WebDriverManager - Exporting webdriver.chrome.driver as C:\Users\debi2\.cache\selenium\chromedriver\win64\148.0.7778.178\chromedriver.exe
May 26, 2026 11:51:42 AM org.openqa.selenium.devtools.CdpVersionFinder findNearestMatch
WARNING: Unable to find CDP implementation matching 148
May 26, 2026 11:51:42 AM org.openqa.selenium.chromium.ChromiumDriver lambda$new$5
WARNING: Unable to find version of CDP to use for 148.0.7778.179. You may need to include a dependency on a specific version of the CDP using something similar to `org.seleniumhq.selenium:selenium-devtools-v86:4.18.1` where the version ("v86") matches the version of the chromium-based browser you're using and the version number of the artifact is the same as Selenium's.
]]></system-err>
  </testcase>
  <testcase name="TC_UI_02_CreateNote" classname="tests.UI.CreateNoteTest" time="6.402">
    <system-out><![CDATA[[TEARDOWN] Browser closed for: NegativeUITest
===== TC-NEG-06: Login with Wrong Password =====
Screenshot attached to Allure: TC-UI-02 Note Created
Screenshot saved to: target/screenshots/TC-UI-02_Note_Created_20260526_115128.png
TC-UI-02 PASSED
]]></system-out>
    <system-err><![CDATA[[TestNG-tests-3] INFO io.github.bonigarcia.wdm.WebDriverManager - Using chromedriver 148.0.7778.178 (resolved driver for Chrome 148)
[TestNG-tests-3] INFO io.github.bonigarcia.wdm.WebDriverManager - Exporting webdriver.chrome.driver as C:\Users\debi2\.cache\selenium\chromedriver\win64\148.0.7778.178\chromedriver.exe
May 26, 2026 11:51:26 AM org.openqa.selenium.devtools.CdpVersionFinder findNearestMatch
WARNING: Unable to find CDP implementation matching 148
May 26, 2026 11:51:26 AM org.openqa.selenium.chromium.ChromiumDriver lambda$new$5
WARNING: Unable to find version of CDP to use for 148.0.7778.179. You may need to include a dependency on a specific version of the CDP using something similar to `org.seleniumhq.selenium:selenium-devtools-v86:4.18.1` where the version ("v86") matches the version of the chromium-based browser you're using and the version number of the artifact is the same as Selenium's.
]]></system-err>
  </testcase>
  <testcase name="TC_UI_03_NoteAppearsInList" classname="tests.UI.CreateNoteTest" time="3.964">
    <system-out><![CDATA[[TEARDOWN] API test - no browser to close for: GetNotesAPITest
Screenshot attached to Allure: TC-UI-03 Note in List
Screenshot saved to: target/screenshots/TC-UI-03_Note_in_List_20260526_115214.png
TC-UI-03 PASSED
]]></system-out>
  </testcase>
  <testcase name="TC_NEG_06_WrongPassword" classname="tests.UI.NegativeLoginTest" time="0.363">
    <system-out><![CDATA[[INFO] Ad iframes removed
[INFO] Vignette ad removed
[INFO] Ad iframes removed
[INFO] Vignette ad removed
[INFO] JS click performed on: By.xpath: //button[text()='Login']
Login attempt submitted
===== TC-NEG-02: Create Note with Empty Description =====
Screenshot attached to Allure: TC-NEG-06 Wrong Password Error
Screenshot saved to: target/screenshots/TC-NEG-06_Wrong_Password_Error_20260526_115136.png
TC-NEG-06 PASSED
]]></system-out>
  </testcase>
  <testcase name="TC_NEG_07_BothFieldsEmpty" classname="tests.UI.NegativeLoginTest" time="5.643">
    <system-out><![CDATA[[INFO] Ad iframes removed
===== TC-UI-03: Newly Created Note Appears in UI List =====
[INFO] Ad iframes removed
[INFO] Ad iframes removed
[INFO] Vignette ad removed
[INFO] Ad iframes removed
[INFO] Vignette ad removed
Screenshot attached to Allure: TC-NEG-07 Both Fields Empty
Screenshot saved to: target/screenshots/TC-NEG-07_Both_Fields_Empty_20260526_115202.png
TC-NEG-07 PASSED
]]></system-out>
  </testcase>
  <testcase name="TC_API_01_GetNotes" classname="tests.API.GetNotesAPITest" time="2.769">
    <system-out><![CDATA[[INFO] JS click performed on: By.xpath: //button[text()='Login']
Login successful
[TEARDOWN] Browser closed for: NegativeUITest
[INFO] Ad iframes removed
[INFO] Vignette ad removed
[INFO] JS click performed on: By.xpath: //button[contains(text(),'Add Note')]
[INFO] Ad iframes removed
[INFO] Vignette ad removed
[INFO] JS click performed on: By.xpath: //button[@data-testid='note-submit']
Note created: Automation Note 1779776498277 [Home]
Token generated: 70ef14a5826146d78f1f1bdb76109f638ac0f9273b074a698b55f5225a2a6d16
===== TC-API-01: GET /notes Returns Notes List =====
[RETRY] Success on attempt: 1
Status Code: 200
[SCHEMA] Validation passed for: get_notes_schema.json
TC-API-01 PASSED
]]></system-out>
  </testcase>
  <testcase name="TC_API_02_DeleteNote" classname="tests.API.DeleteNoteAPITest" time="0.15">
    <system-out><![CDATA[Token generated: 70ef14a5826146d78f1f1bdb76109f638ac0f9273b074a698b55f5225a2a6d16
===== TC-API-02: Delete a Note via API =====
Creating a note to delete...
Create response status: 200
[SCHEMA] Validation passed for: create_note_schema.json
Note created with ID: 6a153c1553916b0295ccb49f
Sending DELETE request for note ID: 6a153c1553916b0295ccb49f
[TEARDOWN] Browser closed for: NegativeLoginTest
Token generated: 70ef14a5826146d78f1f1bdb76109f638ac0f9273b074a698b55f5225a2a6d16
===== TC-API-03: API Response Time Under 2 Seconds =====
Delete response status: 200
Delete response body: {"success":true,"status":200,"message":"Note successfully deleted"}
TC-API-02 PASSED
]]></system-out>
  </testcase>
  <testcase name="TC_API_03_ResponseTimeUnder2Seconds" classname="tests.API.ResponseTimeAPITest" time="2.665">
    <failure message="expected [true] but found [false]" type="java.lang.AssertionError"><![CDATA[java.lang.AssertionError: expected [true] but found [false]
	at org.testng.Assert.fail(Assert.java:111)
	at org.testng.Assert.failNotEquals(Assert.java:1578)
	at org.testng.Assert.assertTrue(Assert.java:57)
	at org.testng.Assert.assertTrue(Assert.java:67)
	at tests.API.ResponseTimeAPITest.TC_API_03_ResponseTimeUnder2Seconds(ResponseTimeAPITest.java:32)
	at java.base/jdk.internal.reflect.NativeMethodAccessorImpl.invoke0(Native Method)
	at java.base/jdk.internal.reflect.NativeMethodAccessorImpl.invoke(NativeMethodAccessorImpl.java:77)
	at java.base/jdk.internal.reflect.DelegatingMethodAccessorImpl.invoke(DelegatingMethodAccessorImpl.java:43)
	at java.base/java.lang.reflect.Method.invoke(Method.java:568)
	at org.testng.internal.invokers.MethodInvocationHelper.invokeMethod(MethodInvocationHelper.java:139)
	at org.testng.internal.invokers.TestInvoker.invokeMethod(TestInvoker.java:664)
	at org.testng.internal.invokers.TestInvoker.invokeTestMethod(TestInvoker.java:228)
	at org.testng.internal.invokers.MethodRunner.runInSequence(MethodRunner.java:63)
	at org.testng.internal.invokers.TestInvoker$MethodInvocationAgent.invoke(TestInvoker.java:961)
	at org.testng.internal.invokers.TestInvoker.invokeTestMethods(TestInvoker.java:201)
	at org.testng.internal.invokers.TestMethodWorker.invokeTestMethods(TestMethodWorker.java:148)
	at org.testng.internal.invokers.TestMethodWorker.run(TestMethodWorker.java:128)
	at java.base/java.util.ArrayList.forEach(ArrayList.java:1511)
	at org.testng.TestRunner.privateRun(TestRunner.java:819)
	at org.testng.TestRunner.run(TestRunner.java:619)
	at org.testng.SuiteRunner.runTest(SuiteRunner.java:443)
	at org.testng.SuiteRunner$SuiteWorker.run(SuiteRunner.java:481)
	at org.testng.internal.thread.ThreadUtil.lambda$execute$0(ThreadUtil.java:58)
	at java.base/java.util.concurrent.FutureTask.run(FutureTask.java:264)
	at java.base/java.util.concurrent.ThreadPoolExecutor.runWorker(ThreadPoolExecutor.java:1136)
	at java.base/java.util.concurrent.ThreadPoolExecutor$Worker.run(ThreadPoolExecutor.java:635)
	at java.base/java.lang.Thread.run(Thread.java:842)
]]></failure>
    <system-out><![CDATA[[TEARDOWN] API test - no browser to close for: DeleteNoteAPITest
===== TC-PERF-01 : 30 USERS TEST =====
[JMETER] Running: src/test/resources/jmeter/testplan_30_users.jmx
[TEARDOWN] Browser closed for: CreateNoteTest
WARN StatusConsoleListener The use of package scanning to locate plugins is deprecated and will be removed in a future release
WARN StatusConsoleListener The use of package scanning to locate plugins is deprecated and will be removed in a future release
WARN StatusConsoleListener The use of package scanning to locate plugins is deprecated and will be removed in a future release
WARN StatusConsoleListener The use of package scanning to locate plugins is deprecated and will be removed in a future release
[RETRY] Success on attempt: 1
API Response Time: 2260ms
WARNING: Response time 2260ms exceeded limit of 2000ms
]]></system-out>
  </testcase>
  <testcase name="TC_NEG_03_CreateNoteWithoutToken" classname="tests.API.NegativeAPITest" time="3.301">
    <system-out><![CDATA[[TEARDOWN] API test - no browser to close for: ResponseTimeAPITest
Token generated: 70ef14a5826146d78f1f1bdb76109f638ac0f9273b074a698b55f5225a2a6d16
===== TC-NEG-03: Create Note via API without Token =====
Status: 401
TC-NEG-03 PASSED
]]></system-out>
    <system-err><![CDATA[[TestNG-tests-1] INFO io.github.bonigarcia.wdm.WebDriverManager - Using chromedriver 148.0.7778.178 (resolved driver for Chrome 148)
[TestNG-tests-1] INFO io.github.bonigarcia.wdm.WebDriverManager - Exporting webdriver.chrome.driver as C:\Users\debi2\.cache\selenium\chromedriver\win64\148.0.7778.178\chromedriver.exe
May 26, 2026 11:52:22 AM org.openqa.selenium.devtools.CdpVersionFinder findNearestMatch
WARNING: Unable to find CDP implementation matching 148
May 26, 2026 11:52:22 AM org.openqa.selenium.chromium.ChromiumDriver lambda$new$5
WARNING: Unable to find version of CDP to use for 148.0.7778.179. You may need to include a dependency on a specific version of the CDP using something similar to `org.seleniumhq.selenium:selenium-devtools-v86:4.18.1` where the version ("v86") matches the version of the chromium-based browser you're using and the version number of the artifact is the same as Selenium's.
]]></system-err>
  </testcase>
  <testcase name="TC_NEG_04_InvalidToken" classname="tests.API.NegativeAPITest" time="1.383">
    <system-out><![CDATA[[TEARDOWN] API test - no browser to close for: NegativeAPITest
===== TC-NEG-04: GET /notes with Invalid Token =====
Status: 401
TC-NEG-04 PASSED
]]></system-out>
  </testcase>
  <testcase name="TC_NEG_05_DeleteWrongNoteId" classname="tests.API.NegativeAPITest" time="1.043">
    <system-out><![CDATA[[TEARDOWN] API test - no browser to close for: NegativeAPITest
===== TC-NEG-05: DELETE Note with Wrong Note ID =====
Status: 400
TC-NEG-05 PASSED
]]></system-out>
  </testcase>
  <testcase name="TC_PERF_01_30Users" classname="tests.API.JMeterTest" time="10.823">
    <system-out><![CDATA[[TEARDOWN] API test - no browser to close for: NegativeAPITest
Creating summariser <summary>
Created the tree successfully using src/test/resources/jmeter/testplan_30_users.jmx
Starting standalone test @ 2026 May 26 11:52:27 IST (1779776547515)
Waiting for possible Shutdown/StopTestNow/HeapDump/ThreadDump message on port 4445
summary +      6 in 00:00:03 =    2.3/s Avg:  1115 Min:   646 Max:  1714 Err:     0 (0.00%) Active: 8 Started: 8 Finished: 0
===== TC-E2E-01: Complete End to End Flow =====
[STEP 1] FR-01: Login via UI
[INFO] Ad iframes removed
[INFO] Vignette ad removed
[INFO] Ad iframes removed
[INFO] Vignette ad removed
[INFO] JS click performed on: By.xpath: //button[text()='Login']
summary +     54 in 00:00:14 =    4.0/s Avg:  1443 Min:   507 Max:  6136 Err:     0 (0.00%) Active: 0 Started: 30 Finished: 30
summary =     60 in 00:00:16 =    3.7/s Avg:  1410 Min:   507 Max:  6136 Err:     0 (0.00%)
Tidying up ...    @ 2026 May 26 11:52:43 IST (1779776563991)
... end of run
Login successful
Screenshot attached to Allure: Step1 - Login Success
Screenshot saved to: target/screenshots/Step1_-_Login_Success_20260526_115244.png
[STEP 1] FR-01 PASSED
[STEP 2] FR-02: Create note via UI
[INFO] Ad iframes removed
[INFO] Vignette ad removed
[INFO] JS click performed on: By.xpath: //button[contains(text(),'Add Note')]
[JMETER] Done. Results saved at: target/jmeter/30_users_results.jtl
[JMETER] PERFORMANCE SUMMARY : 30 USERS
Total Requests : 60
Average Time   : 1410 ms
Min Time       : 507 ms
Max Time       : 6136 ms
TC-PERF-01 PASSED
]]></system-out>
  </testcase>
  <testcase name="TC_PERF_02_50Users" classname="tests.API.JMeterTest" time="20.61">
    <system-out><![CDATA[[TEARDOWN] API test - no browser to close for: JMeterTest
===== TC-PERF-02 : 50 USERS TEST =====
[JMETER] Running: src/test/resources/jmeter/testplan_50_users.jmx
[INFO] Ad iframes removed
[INFO] Vignette ad removed
[INFO] JS click performed on: By.xpath: //button[@data-testid='note-submit']
Note created: Automation Note 1779776541031 [Home]
Screenshot attached to Allure: Step2 - Note Created
Screenshot saved to: target/screenshots/Step2_-_Note_Created_20260526_115246.png
[STEP 2] FR-02 PASSED
[STEP 3] FR-03: Verify note appears in UI list
WARN StatusConsoleListener The use of package scanning to locate plugins is deprecated and will be removed in a future release
WARN StatusConsoleListener The use of package scanning to locate plugins is deprecated and will be removed in a future release
WARN StatusConsoleListener The use of package scanning to locate plugins is deprecated and will be removed in a future release
WARN StatusConsoleListener The use of package scanning to locate plugins is deprecated and will be removed in a future release
Creating summariser <summary>
Created the tree successfully using src/test/resources/jmeter/testplan_50_users.jmx
Starting standalone test @ 2026 May 26 11:52:50 IST (1779776570153)
Waiting for possible Shutdown/StopTestNow/HeapDump/ThreadDump message on port 4445
Screenshot attached to Allure: Step3 - Note Visible in UI
Screenshot saved to: target/screenshots/Step3_-_Note_Visible_in_UI_20260526_115256.png
[STEP 3] FR-03 PASSED
[STEP 4] FR-04: GET /notes API returns list
summary +     75 in 00:00:09 =    8.0/s Avg:  1447 Min:   583 Max:  4048 Err:     0 (0.00%) Active: 15 Started: 47 Finished: 32
Token generated: 70ef14a5826146d78f1f1bdb76109f638ac0f9273b074a698b55f5225a2a6d16
summary +     25 in 00:00:05 =    5.3/s Avg:  1956 Min:   838 Max:  6238 Err:     0 (0.00%) Active: 0 Started: 50 Finished: 50
summary =    100 in 00:00:14 =    7.1/s Avg:  1574 Min:   583 Max:  6238 Err:     0 (0.00%)
Tidying up ...    @ 2026 May 26 11:53:04 IST (1779776584705)
... end of run
[STEP 4] FR-04 PASSED
[STEP 5] FR-05: UI created note visible in API
Note ID: 6a153c3453916b0295ccb580
UI Title: Automation Note 1779776541031 API Title: Automation Note 1779776541031
[STEP 5] FR-05 PASSED
[STEP 6] FR-06: Delete note via API
[JMETER] Done. Results saved at: target/jmeter/50_users_results.jtl
[JMETER] PERFORMANCE SUMMARY : 50 USERS
Total Requests : 100
Average Time   : 1574 ms
Min Time       : 583 ms
Max Time       : 6238 ms
TC-PERF-02 PASSED
]]></system-out>
  </testcase>
  <testcase name="TC_E2E_01_CompleteFlow" classname="tests.E2E.EndToEndTest" time="28.557">
    <system-out><![CDATA[[TEARDOWN] API test - no browser to close for: JMeterTest
[STEP 6] FR-06 PASSED
[STEP 7] FR-07: Deleted note disappears from UI
Screenshot attached to Allure: Step7 - Note Gone from UI
Screenshot saved to: target/screenshots/Step7_-_Note_Gone_from_UI_20260526_115314.png
[STEP 7] FR-07 PASSED
===== TC-E2E-01: ALL STEPS PASSED =====
]]></system-out>
  </testcase>
</testsuite>