<?xml version="1.0" encoding="UTF-8"?>
<!-- Generated by org.testng.reporters.JUnitReportReporter -->
<testsuite hostname="LAPTOP-VU4Q2S43" failures="0" tests="2" name="tests.UI.NegativeLoginTest" time="87.591" errors="0" timestamp="2026-05-24T22:48:38 IST" skipped="0">
  <testcase classname="tests.UI.NegativeLoginTest" name="TC_NEG_07_BothFieldsEmpty" time="45.412"/>
  <testcase classname="tests.UI.NegativeLoginTest" name="TC_NEG_06_WrongPassword" time="42.179"/>
</testsuite> <!-- tests.UI.NegativeLoginTest -->
