<?xml version="1.0" encoding="UTF-8"?>
<!-- Generated by org.testng.reporters.JUnitReportReporter -->
<testsuite hostname="LAPTOP-VU4Q2S43" failures="0" tests="2" name="tests.UI.NegativeLoginTest" time="58.822" errors="0" timestamp="2026-05-25T22:18:48 IST" skipped="0">
  <testcase classname="tests.UI.NegativeLoginTest" name="TC_NEG_07_BothFieldsEmpty" time="24.697"/>
  <testcase classname="tests.UI.NegativeLoginTest" name="TC_NEG_06_WrongPassword" time="34.125"/>
</testsuite> <!-- tests.UI.NegativeLoginTest -->
