<?xml version="1.0" encoding="UTF-8"?>
<!-- Generated by org.testng.reporters.JUnitReportReporter -->
<testsuite hostname="LAPTOP-VU4Q2S43" failures="0" tests="2" name="tests.UI.CreateNoteTest" time="105.416" errors="0" timestamp="2026-05-26T11:53:14 IST" skipped="0">
  <testcase classname="tests.UI.CreateNoteTest" name="TC_UI_02_CreateNote" time="63.660"/>
  <testcase classname="tests.UI.CreateNoteTest" name="TC_UI_03_NoteAppearsInList" time="41.756"/>
</testsuite> <!-- tests.UI.CreateNoteTest -->
