<?xml version="1.0" encoding="UTF-8"?>
<!-- Generated by org.testng.reporters.JUnitReportReporter -->
<testsuite hostname="LAPTOP-VU4Q2S43" failures="0" tests="3" name="tests.API.NegativeAPITest" time="2.175" errors="0" timestamp="2026-05-24T23:32:35 IST" skipped="0">
  <testcase classname="tests.API.NegativeAPITest" name="TC_NEG_03_CreateNoteWithoutToken" time="0.814"/>
  <testcase classname="tests.API.NegativeAPITest" name="TC_NEG_05_DeleteWrongNoteId" time="0.570"/>
  <testcase classname="tests.API.NegativeAPITest" name="TC_NEG_04_InvalidToken" time="0.791"/>
</testsuite> <!-- tests.API.NegativeAPITest -->
