<?xml version="1.0" encoding="UTF-8"?>
<!-- Generated by org.testng.reporters.JUnitReportReporter -->
<testsuite hostname="LAPTOP-VU4Q2S43" failures="0" tests="2" name="tests.UI.NegativeUITest" time="127.611" errors="0" timestamp="2026-05-25T22:18:48 IST" skipped="0">
  <testcase classname="tests.UI.NegativeUITest" name="TC_NEG_02_CreateNoteEmptyDescription" time="51.157"/>
  <testcase classname="tests.UI.NegativeUITest" name="TC_NEG_01_CreateNoteEmptyTitle" time="76.454"/>
</testsuite> <!-- tests.UI.NegativeUITest -->
