<?xml version="1.0" encoding="UTF-8"?>
<!-- Generated by org.testng.reporters.JUnitReportReporter -->
<testsuite hostname="LAPTOP-VU4Q2S43" failures="0" tests="3" name="tests.E2E.EndToEndTest" time="71.917" errors="0" timestamp="2026-05-25T22:18:48 IST" skipped="0">
  <testcase classname="tests.E2E.EndToEndTest" name="TC_E2E_03_UIAPIDataConsistency" time="25.278"/>
  <testcase classname="tests.E2E.EndToEndTest" name="TC_E2E_01_UICreatedNoteVisibleInAPI" time="23.872"/>
  <testcase classname="tests.E2E.EndToEndTest" name="TC_E2E_02_APIDeletedNoteGoneFromUI" time="22.767"/>
</testsuite> <!-- tests.E2E.EndToEndTest -->
