<?xml version="1.0" encoding="UTF-8"?>
<!-- Generated by org.testng.reporters.JUnitReportReporter -->
<testsuite hostname="LAPTOP-VU4Q2S43" failures="0" tests="2" name="tests.UI.NegativeUITest" time="69.650" errors="0" timestamp="2026-06-01T23:33:14 IST" skipped="0">
  <testcase classname="tests.UI.NegativeUITest" name="TC_NEG_01_CreateNoteEmptyTitle" time="48.806"/>
  <testcase classname="tests.UI.NegativeUITest" name="TC_NEG_02_CreateNoteEmptyDescription" time="20.844"/>
</testsuite> <!-- tests.UI.NegativeUITest -->
