<?xml version="1.0" encoding="UTF-8"?>
<!-- Generated by org.testng.reporters.JUnitReportReporter -->
<testsuite hostname="LAPTOP-VU4Q2S43" failures="0" tests="3" name="tests.E2E.EndToEndTest" time="173.512" errors="0" timestamp="2026-05-24T19:09:50 IST" skipped="0">
  <testcase classname="tests.E2E.EndToEndTest" name="TC_E2E_03_UIAPIDataConsistency" time="25.212"/>
  <testcase classname="tests.E2E.EndToEndTest" name="TC_E2E_02_APIDeletedNoteGoneFromUI" time="59.371"/>
  <testcase classname="tests.E2E.EndToEndTest" name="TC_E2E_01_UICreatedNoteVisibleInAPI" time="88.929"/>
</testsuite> <!-- tests.E2E.EndToEndTest -->
