<?xml version="1.0" encoding="UTF-8"?>
<!-- Generated by org.testng.reporters.JUnitReportReporter -->
<testsuite hostname="LAPTOP-VU4Q2S43" failures="0" tests="2" name="tests.UI.CreateNoteTest" time="118.094" errors="0" timestamp="2026-06-02T09:42:43 IST" skipped="0">
  <testcase classname="tests.UI.CreateNoteTest" name="TC_UI_03_NoteAppearsInList" time="74.885"/>
  <testcase classname="tests.UI.CreateNoteTest" name="TC_UI_02_CreateNote" time="43.209"/>
</testsuite> <!-- tests.UI.CreateNoteTest -->
