<?xml version="1.0" encoding="UTF-8"?>
<!-- Generated by org.testng.reporters.JUnitReportReporter -->
<testsuite hostname="LAPTOP-VU4Q2S43" failures="0" tests="3" name="tests.API.NegativeAPITest" time="1.717" errors="0" timestamp="2026-05-24T22:48:38 IST" skipped="0">
  <testcase classname="tests.API.NegativeAPITest" name="TC_NEG_04_InvalidToken" time="0.523"/>
  <testcase classname="tests.API.NegativeAPITest" name="TC_NEG_05_DeleteWrongNoteId" time="0.424"/>
  <testcase classname="tests.API.NegativeAPITest" name="TC_NEG_03_CreateNoteWithoutToken" time="0.770"/>
</testsuite> <!-- tests.API.NegativeAPITest -->
